<?xml version="1.0" encoding="UTF-8"?>
<!-- Generated by org.testng.reporters.JUnitXMLReporter -->
<testsuite hostname="Tulasi-MacBook-Pro.local" ignored="50" name="Zagg Auccount Management" tests="1" failures="1" timestamp="11 Jun 2019 10:42:59 GMT" time="0.1" errors="0">
  <testcase name="loginWithValidCredentials" time="0.087" classname="zagg.accountRegistration.LoginTests">
    <failure type="java.lang.NullPointerException">
      <![CDATA[java.lang.NullPointerException
at com.lib.TestBase.implicityWaits(TestBase.java:76)
at zagg.accountRegistration.LoginMethods.selectSignIn(LoginMethods.java:38)
at zagg.accountRegistration.LoginTests.loginWithValidCredentials(LoginTests.java:90)
at java.util.concurrent.FutureTask.run(FutureTask.java:266)
at java.util.concurrent.ThreadPoolExecutor.runWorker(ThreadPoolExecutor.java:1149)
at java.util.concurrent.ThreadPoolExecutor$Worker.run(ThreadPoolExecutor.java:624)
at java.lang.Thread.run(Thread.java:748)
... Removed 16 stack frames]]>
    </failure>
  </testcase> <!-- loginWithValidCredentials -->
  <testcase name="registerMultiSpeakersProducts" time="0.0" classname="zagg.prodRegistration.ProductRegistartionTests">
    <ignored/>
  </testcase> <!-- registerMultiSpeakersProducts -->
  <testcase name="registerMultiCable$AdaptersProducts" time="0.0" classname="zagg.prodRegistration.ProductRegistartionTests">
    <ignored/>
  </testcase> <!-- registerMultiCable$AdaptersProducts -->
  <testcase name="regCables$AdaptersProduct" time="0.0" classname="zagg.prodRegistration.ProductRegistartionTests">
    <ignored/>
  </testcase> <!-- regCables$AdaptersProduct -->
  <testcase name="regSpeakersProduct" time="0.0" classname="zagg.prodRegistration.ProductRegistartionTests">
    <ignored/>
  </testcase> <!-- regSpeakersProduct -->
  <testcase name="regKeyboardsProduct" time="0.0" classname="zagg.prodRegistration.ProductRegistartionTests">
    <ignored/>
  </testcase> <!-- regKeyboardsProduct -->
  <testcase name="registerMultiScreenProtectionProduct" time="0.0" classname="zagg.prodRegistration.ProductRegistartionTests">
    <ignored/>
  </testcase> <!-- registerMultiScreenProtectionProduct -->
  <testcase name="registerBatteryCasesProductForWR" time="0.0" classname="zagg.prodRegistration.ProductRegistartionTests">
    <ignored/>
  </testcase> <!-- registerBatteryCasesProductForWR -->
  <testcase name="@BeforeSuite openBrowser" time="0.0" classname="com.lib.BrowserIntializer">
    <ignored/>
  </testcase> <!-- @BeforeSuite openBrowser -->
  <testcase name="@BeforeSuite openBrowser" time="0.0" classname="com.lib.BrowserIntializer">
    <ignored/>
  </testcase> <!-- @BeforeSuite openBrowser -->
  <testcase name="validateWirelessDocksAccordions" time="0.0" classname="zagg.prodRegistration.ProductRegistartionTests">
    <ignored/>
  </testcase> <!-- validateWirelessDocksAccordions -->
  <testcase name="registerAutomaticallyBatteryCasesProduct" time="0.0" classname="zagg.prodRegistration.ProductRegistartionTests">
    <ignored/>
  </testcase> <!-- registerAutomaticallyBatteryCasesProduct -->
  <testcase name="registerMultiCasesProducts" time="0.0" classname="zagg.prodRegistration.ProductRegistartionTests">
    <ignored/>
  </testcase> <!-- registerMultiCasesProducts -->
  <testcase name="validateAlertsForExistingUser" time="0.0" classname="zagg.accountRegistration.LoginTests">
    <ignored/>
  </testcase> <!-- validateAlertsForExistingUser -->
  <testcase name="validateNewAccount" time="0.0" classname="zagg.accountRegistration.LoginTests">
    <ignored/>
  </testcase> <!-- validateNewAccount -->
  <testcase name="createNewAccount" time="0.0" classname="zagg.accountRegistration.LoginTests">
    <ignored/>
  </testcase> <!-- createNewAccount -->
  <testcase name="backToOptionsFromReveiw" time="0.0" classname="zagg.prodRegistration.ProductRegistartionTests">
    <ignored/>
  </testcase> <!-- backToOptionsFromReveiw -->
  <testcase name="regScreenProtectionProduct" time="0.0" classname="zagg.prodRegistration.ProductRegistartionTests">
    <ignored/>
  </testcase> <!-- regScreenProtectionProduct -->
  <testcase name="registerProdThruSerialNumber" time="0.0" classname="zagg.prodRegistration.ProductRegistartionTests">
    <ignored/>
  </testcase> <!-- registerProdThruSerialNumber -->
  <testcase name="compareOneBrandToAnother" time="0.0" classname="zagg.prodRegistration.ProductRegistartionTests">
    <ignored/>
  </testcase> <!-- compareOneBrandToAnother -->
  <testcase name="registerMultiWirelessDocksProducts" time="0.0" classname="zagg.prodRegistration.ProductRegistartionTests">
    <ignored/>
  </testcase> <!-- registerMultiWirelessDocksProducts -->
  <testcase name="serialNumberValidationInSections" time="0.0" classname="zagg.prodRegistration.ProductRegistartionTests">
    <ignored/>
  </testcase> <!-- serialNumberValidationInSections -->
  <testcase name="activateAccountFromGmail" time="0.0" classname="zagg.accountRegistration.LoginTests">
    <ignored/>
  </testcase> <!-- activateAccountFromGmail -->
  <testcase name="validatePasswordPolicy" time="0.0" classname="zagg.accountRegistration.LoginTests">
    <ignored/>
  </testcase> <!-- validatePasswordPolicy -->
  <testcase name="validateAudioAndSpeakersAccordions" time="0.0" classname="zagg.prodRegistration.ProductRegistartionTests">
    <ignored/>
  </testcase> <!-- validateAudioAndSpeakersAccordions -->
  <testcase name="registerMultiProtablePowerProducts" time="0.0" classname="zagg.prodRegistration.ProductRegistartionTests">
    <ignored/>
  </testcase> <!-- registerMultiProtablePowerProducts -->
  <testcase name="category_batteryCases_RegisterProduct" time="0.0" classname="zagg.prodRegistration.ProductRegistartionTests">
    <ignored/>
  </testcase> <!-- category_batteryCases_RegisterProduct -->
  <testcase name="loginWithInvalidCredentials" time="0.0" classname="zagg.accountRegistration.LoginTests">
    <ignored/>
  </testcase> <!-- loginWithInvalidCredentials -->
  <testcase name="category_ScreenProtect_VerifyDeviceType" time="0.0" classname="zagg.prodRegistration.ProductRegistartionTests">
    <ignored/>
  </testcase> <!-- category_ScreenProtect_VerifyDeviceType -->
  <testcase name="registerMultiReplacementPartsProducts" time="0.0" classname="zagg.prodRegistration.ProductRegistartionTests">
    <ignored/>
  </testcase> <!-- registerMultiReplacementPartsProducts -->
  <testcase name="storeDeviceTypeAttributeOptionsFromAdmin" time="0.0" classname="zagg.prodRegistration.ProductRegistartionTests">
    <ignored/>
  </testcase> <!-- storeDeviceTypeAttributeOptionsFromAdmin -->
  <testcase name="validateCabesAndPortablePowerAccordions" time="0.0" classname="zagg.prodRegistration.ProductRegistartionTests">
    <ignored/>
  </testcase> <!-- validateCabesAndPortablePowerAccordions -->
  <testcase name="registerMultiBatteryCasesProducts" time="0.0" classname="zagg.prodRegistration.ProductRegistartionTests">
    <ignored/>
  </testcase> <!-- registerMultiBatteryCasesProducts -->
  <testcase name="validateReplacementPartsAndOthersAccordions" time="0.0" classname="zagg.prodRegistration.ProductRegistartionTests">
    <ignored/>
  </testcase> <!-- validateReplacementPartsAndOthersAccordions -->
  <testcase name="resettingPassword" time="0.0" classname="zagg.accountRegistration.LoginTests">
    <ignored/>
  </testcase> <!-- resettingPassword -->
  <testcase name="registerAudioProduct" time="0.0" classname="zagg.prodRegistration.ProductRegistartionTests">
    <ignored/>
  </testcase> <!-- registerAudioProduct -->
  <testcase name="storeScreenProtection$BatterCasesProducts" time="0.0" classname="zagg.prodRegistration.ProductRegistartionTests">
    <ignored/>
  </testcase> <!-- storeScreenProtection$BatterCasesProducts -->
  <testcase name="calender_FutureDateValidation" time="0.0" classname="zagg.prodRegistration.ProductRegistartionTests">
    <ignored/>
  </testcase> <!-- calender_FutureDateValidation -->
  <testcase name="validateScreenProctectionAccordions" time="0.0" classname="zagg.prodRegistration.ProductRegistartionTests">
    <ignored/>
  </testcase> <!-- validateScreenProctectionAccordions -->
  <testcase name="verifyAllFields" time="0.0" classname="zagg.prodRegistration.ProductRegistartionTests">
    <ignored/>
  </testcase> <!-- verifyAllFields -->
  <testcase name="validateKeyboardAccordions" time="0.0" classname="zagg.prodRegistration.ProductRegistartionTests">
    <ignored/>
  </testcase> <!-- validateKeyboardAccordions -->
  <testcase name="deleteExistingAddress" time="0.0" classname="zagg.prodRegistration.ProductRegistartionTests">
    <ignored/>
  </testcase> <!-- deleteExistingAddress -->
  <testcase name="confirmUserAccount" time="0.0" classname="zagg.accountRegistration.LoginTests">
    <ignored/>
  </testcase> <!-- confirmUserAccount -->
  <testcase name="regPortablePowerProduct" time="0.0" classname="zagg.prodRegistration.ProductRegistartionTests">
    <ignored/>
  </testcase> <!-- regPortablePowerProduct -->
  <testcase name="registerMultiKeyboardsProducts" time="0.0" classname="zagg.prodRegistration.ProductRegistartionTests">
    <ignored/>
  </testcase> <!-- registerMultiKeyboardsProducts -->
  <testcase name="validateSerialNumberWithAnotherUser" time="0.0" classname="zagg.prodRegistration.ProductRegistartionTests">
    <ignored/>
  </testcase> <!-- validateSerialNumberWithAnotherUser -->
  <testcase name="storeBrand$DevicesAllAttributeOptionsFromAdmin" time="0.0" classname="zagg.prodRegistration.ProductRegistartionTests">
    <ignored/>
  </testcase> <!-- storeBrand$DevicesAllAttributeOptionsFromAdmin -->
  <testcase name="validateBatteryAndCasesAccordions" time="0.0" classname="zagg.prodRegistration.ProductRegistartionTests">
    <ignored/>
  </testcase> <!-- validateBatteryAndCasesAccordions -->
  <testcase name="validateBrand$Device$ProductAttributeForScreenProtection" time="0.0" classname="zagg.prodRegistration.ProductRegistartionTests">
    <ignored/>
  </testcase> <!-- validateBrand$Device$ProductAttributeForScreenProtection -->
  <testcase name="registerMultiHeadphonesProducts" time="0.0" classname="zagg.prodRegistration.ProductRegistartionTests">
    <ignored/>
  </testcase> <!-- registerMultiHeadphonesProducts -->
  <testcase name="addressMandatoryFields" time="0.0" classname="zagg.prodRegistration.ProductRegistartionTests">
    <ignored/>
  </testcase> <!-- addressMandatoryFields -->
</testsuite> <!-- Zagg Auccount Management -->
