<?xml version="1.0" encoding="UTF-8"?>
<!-- Generated by org.testng.reporters.JUnitXMLReporter -->
<testsuite hostname="tulasi-mbp.lan" ignored="0" name="FirstTest" tests="3" failures="1" timestamp="2019-10-24T15:57:46 IST" time="38.907" errors="0">
  <testcase name="login" time="14.325" classname="POC.lumaLogin.LoginTest"/>
  <testcase name="verifyTitle" time="0.405" classname="POC.lumaLogin.LoginTest">
    <failure type="java.lang.AssertionError" message="expected [Subscribe Button] but found [Subscribe]">
      <![CDATA[java.lang.AssertionError: expected [Subscribe Button] but found [Subscribe]
at POC.lumaLogin.LoginMethods.titleValidate(LoginMethods.java:45)
at POC.lumaLogin.LoginTest.verifyTitle(LoginTest.java:21)
at java.util.ArrayList.forEach(ArrayList.java:1257)
at java.util.concurrent.FutureTask.run(FutureTask.java:266)
at java.util.concurrent.ThreadPoolExecutor.runWorker(ThreadPoolExecutor.java:1149)
at java.util.concurrent.ThreadPoolExecutor$Worker.run(ThreadPoolExecutor.java:624)
at java.lang.Thread.run(Thread.java:748)
... Removed 23 stack frames]]>
    </failure>
  </testcase> <!-- verifyTitle -->
  <testcase name="quit" time="1.187" classname="POC.lumaLogin.LoginTest"/>
</testsuite> <!-- FirstTest -->
