<?xml version="1.0" encoding="UTF-8"?>
<!-- Generated by org.testng.reporters.JUnitXMLReporter -->
<testsuite hostname="Tulasi-MacBook-Pro.local" ignored="1" name="FirstTest" tests="3" failures="3" timestamp="27 Sep 2019 02:24:51 GMT" time="416.768" errors="0">
  <testcase name="shop_placeOrderProduct" time="234.004" classname="zagg.shop.shoppingTests">
    <failure type="java.lang.NullPointerException">
      <![CDATA[java.lang.NullPointerException
at zagg.prodRegistration.ProductRegistartionMethods.selectLeftTab(ProductRegistartionMethods.java:605)
at zagg.shop.shoppingMethods.verifyOrderStatus(shoppingMethods.java:166)
at zagg.shop.shoppingTests.shop_placeOrderProduct(shoppingTests.java:23)
at java.util.concurrent.FutureTask.run(FutureTask.java:266)
at java.util.concurrent.ThreadPoolExecutor.runWorker(ThreadPoolExecutor.java:1149)
at java.util.concurrent.ThreadPoolExecutor$Worker.run(ThreadPoolExecutor.java:624)
at java.lang.Thread.run(Thread.java:748)
... Removed 16 stack frames]]>
    </failure>
  </testcase> <!-- shop_placeOrderProduct -->
  <testcase name="shop_placeOrderWithAmazonPay" time="157.25" classname="zagg.shop.shoppingTests">
    <failure type="java.lang.NullPointerException">
      <![CDATA[java.lang.NullPointerException
at zagg.prodRegistration.ProductRegistartionMethods.selectLeftTab(ProductRegistartionMethods.java:605)
at zagg.shop.shoppingMethods.verifyOrderStatus(shoppingMethods.java:166)
at zagg.shop.shoppingTests.shop_placeOrderWithAmazonPay(shoppingTests.java:35)
at java.util.concurrent.FutureTask.run(FutureTask.java:266)
at java.util.concurrent.ThreadPoolExecutor.runWorker(ThreadPoolExecutor.java:1149)
at java.util.concurrent.ThreadPoolExecutor$Worker.run(ThreadPoolExecutor.java:624)
at java.lang.Thread.run(Thread.java:748)
... Removed 16 stack frames]]>
    </failure>
  </testcase> <!-- shop_placeOrderWithAmazonPay -->
  <testcase name="shop_placeOrderWithoutUser" time="0.006" classname="zagg.shop.shoppingTests">
    <failure type="java.lang.NullPointerException">
      <![CDATA[java.lang.NullPointerException
at zagg.accountRegistration.LoginMethods.selectSignIn(LoginMethods.java:30)
at zagg.shop.shoppingTests.shop_placeOrderWithoutUser(shoppingTests.java:62)
at java.util.concurrent.FutureTask.run(FutureTask.java:266)
at java.util.concurrent.ThreadPoolExecutor.runWorker(ThreadPoolExecutor.java:1149)
at java.util.concurrent.ThreadPoolExecutor$Worker.run(ThreadPoolExecutor.java:624)
at java.lang.Thread.run(Thread.java:748)
... Removed 16 stack frames]]>
    </failure>
  </testcase> <!-- shop_placeOrderWithoutUser -->
  <testcase name="loginWithValidCredentials123" time="0.0" classname="zagg.accountRegistration.LoginTests">
    <ignored/>
  </testcase> <!-- loginWithValidCredentials123 -->
</testsuite> <!-- FirstTest -->
