<?xml version="1.0" encoding="UTF-8"?>
<!-- Generated by org.testng.reporters.JUnitXMLReporter -->
<testsuite hostname="tulasi-mbp.lan" ignored="3" tests="0" failures="0" timestamp="26 Sep 2019 11:16:12 GMT" time="0.004" errors="0">
  <testcase name="shop_placeOrderWithoutUser" time="0.0" classname="zagg.shop.shoppingTests">
    <ignored/>
  </testcase> <!-- shop_placeOrderWithoutUser -->
  <testcase name="shop_placeOrderWithAmazonPay" time="0.0" classname="zagg.shop.shoppingTests">
    <ignored/>
  </testcase> <!-- shop_placeOrderWithAmazonPay -->
  <testcase name="shop_placeOrderProduct" time="0.0" classname="zagg.shop.shoppingTests">
    <ignored/>
  </testcase> <!-- shop_placeOrderProduct -->
</testsuite>
