<?xml version="1.0" encoding="UTF-8"?>
<!-- Generated by org.testng.reporters.JUnitXMLReporter -->
<testsuite hostname="tulasi-mbp.lan" ignored="37" name="Node - 4" tests="4" failures="1" timestamp="14 Jun 2019 14:18:00 GMT" time="785.908" errors="0">
  <testcase name="loginAndNav2PR" time="33.087" classname="zagg.prodRegistration.ProductRegistartionTests"/>
  <testcase name="registerMultiKeyboardsProducts" time="229.821" classname="zagg.prodRegistration.ProductRegistartionTests"/>
  <testcase name="registerMultiProtablePowerProducts" time="438.453" classname="zagg.prodRegistration.ProductRegistartionTests">
    <failure type="java.lang.AssertionError" message="powerstation (Rose Gold | 2016) - product is not present expected [true] but found [false]">
      <![CDATA[java.lang.AssertionError: powerstation (Rose Gold | 2016) - product is not present expected [true] but found [false]
at zagg.prodRegistration.ProductRegistartionMethods.selectExpectedProduct(ProductRegistartionMethods.java:1511)
at zagg.prodRegistration.ProductRegistartionMethods.selectproductUnderCategory(ProductRegistartionMethods.java:1463)
at zagg.prodRegistration.ProductRegistartionTests.registerMultiProtablePowerProducts(ProductRegistartionTests.java:674)
at java.util.concurrent.FutureTask.run(FutureTask.java:266)
at java.util.concurrent.ThreadPoolExecutor.runWorker(ThreadPoolExecutor.java:1149)
at java.util.concurrent.ThreadPoolExecutor$Worker.run(ThreadPoolExecutor.java:624)
at java.lang.Thread.run(Thread.java:748)
... Removed 19 stack frames]]>
    </failure>
  </testcase> <!-- registerMultiProtablePowerProducts -->
  <testcase name="quitAll" time="1.505" classname="zagg.prodRegistration.ProductRegistartionTests"/>
  <testcase name="registerMultiSpeakersProducts" time="0.0" classname="zagg.prodRegistration.ProductRegistartionTests">
    <ignored/>
  </testcase> <!-- registerMultiSpeakersProducts -->
  <testcase name="validateAudioAndSpeakersAccordions" time="0.0" classname="zagg.prodRegistration.ProductRegistartionTests">
    <ignored/>
  </testcase> <!-- validateAudioAndSpeakersAccordions -->
  <testcase name="registerMultiCable$AdaptersProducts" time="0.0" classname="zagg.prodRegistration.ProductRegistartionTests">
    <ignored/>
  </testcase> <!-- registerMultiCable$AdaptersProducts -->
  <testcase name="regCables$AdaptersProduct" time="0.0" classname="zagg.prodRegistration.ProductRegistartionTests">
    <ignored/>
  </testcase> <!-- regCables$AdaptersProduct -->
  <testcase name="category_batteryCases_RegisterProduct" time="0.0" classname="zagg.prodRegistration.ProductRegistartionTests">
    <ignored/>
  </testcase> <!-- category_batteryCases_RegisterProduct -->
  <testcase name="regSpeakersProduct" time="0.0" classname="zagg.prodRegistration.ProductRegistartionTests">
    <ignored/>
  </testcase> <!-- regSpeakersProduct -->
  <testcase name="registerMultiReplacementPartsProducts" time="0.0" classname="zagg.prodRegistration.ProductRegistartionTests">
    <ignored/>
  </testcase> <!-- registerMultiReplacementPartsProducts -->
  <testcase name="storeDeviceTypeAttributeOptionsFromAdmin" time="0.0" classname="zagg.prodRegistration.ProductRegistartionTests">
    <ignored/>
  </testcase> <!-- storeDeviceTypeAttributeOptionsFromAdmin -->
  <testcase name="validateCabesAndPortablePowerAccordions" time="0.0" classname="zagg.prodRegistration.ProductRegistartionTests">
    <ignored/>
  </testcase> <!-- validateCabesAndPortablePowerAccordions -->
  <testcase name="registerMultiBatteryCasesProducts" time="0.0" classname="zagg.prodRegistration.ProductRegistartionTests">
    <ignored/>
  </testcase> <!-- registerMultiBatteryCasesProducts -->
  <testcase name="validateReplacementPartsAndOthersAccordions" time="0.0" classname="zagg.prodRegistration.ProductRegistartionTests">
    <ignored/>
  </testcase> <!-- validateReplacementPartsAndOthersAccordions -->
  <testcase name="regKeyboardsProduct" time="0.0" classname="zagg.prodRegistration.ProductRegistartionTests">
    <ignored/>
  </testcase> <!-- regKeyboardsProduct -->
  <testcase name="registerMultiScreenProtectionProduct" time="0.0" classname="zagg.prodRegistration.ProductRegistartionTests">
    <ignored/>
  </testcase> <!-- registerMultiScreenProtectionProduct -->
  <testcase name="registerBatteryCasesProductForWR" time="0.0" classname="zagg.prodRegistration.ProductRegistartionTests">
    <ignored/>
  </testcase> <!-- registerBatteryCasesProductForWR -->
  <testcase name="registerAudioProduct" time="0.0" classname="zagg.prodRegistration.ProductRegistartionTests">
    <ignored/>
  </testcase> <!-- registerAudioProduct -->
  <testcase name="storeScreenProtection$BatterCasesProducts" time="0.0" classname="zagg.prodRegistration.ProductRegistartionTests">
    <ignored/>
  </testcase> <!-- storeScreenProtection$BatterCasesProducts -->
  <testcase name="validateWirelessDocksAccordions" time="0.0" classname="zagg.prodRegistration.ProductRegistartionTests">
    <ignored/>
  </testcase> <!-- validateWirelessDocksAccordions -->
  <testcase name="calender_FutureDateValidation" time="0.0" classname="zagg.prodRegistration.ProductRegistartionTests">
    <ignored/>
  </testcase> <!-- calender_FutureDateValidation -->
  <testcase name="registerAutomaticallyBatteryCasesProduct" time="0.0" classname="zagg.prodRegistration.ProductRegistartionTests">
    <ignored/>
  </testcase> <!-- registerAutomaticallyBatteryCasesProduct -->
  <testcase name="registerMultiCasesProducts" time="0.0" classname="zagg.prodRegistration.ProductRegistartionTests">
    <ignored/>
  </testcase> <!-- registerMultiCasesProducts -->
  <testcase name="validateScreenProctectionAccordions" time="0.0" classname="zagg.prodRegistration.ProductRegistartionTests">
    <ignored/>
  </testcase> <!-- validateScreenProctectionAccordions -->
  <testcase name="verifyAllFields" time="0.0" classname="zagg.prodRegistration.ProductRegistartionTests">
    <ignored/>
  </testcase> <!-- verifyAllFields -->
  <testcase name="validateKeyboardAccordions" time="0.0" classname="zagg.prodRegistration.ProductRegistartionTests">
    <ignored/>
  </testcase> <!-- validateKeyboardAccordions -->
  <testcase name="deleteExistingAddress" time="0.0" classname="zagg.prodRegistration.ProductRegistartionTests">
    <ignored/>
  </testcase> <!-- deleteExistingAddress -->
  <testcase name="regPortablePowerProduct" time="0.0" classname="zagg.prodRegistration.ProductRegistartionTests">
    <ignored/>
  </testcase> <!-- regPortablePowerProduct -->
  <testcase name="validateSerialNumberWithAnotherUser" time="0.0" classname="zagg.prodRegistration.ProductRegistartionTests">
    <ignored/>
  </testcase> <!-- validateSerialNumberWithAnotherUser -->
  <testcase name="backToOptionsFromReveiw" time="0.0" classname="zagg.prodRegistration.ProductRegistartionTests">
    <ignored/>
  </testcase> <!-- backToOptionsFromReveiw -->
  <testcase name="storeBrand$DevicesAllAttributeOptionsFromAdmin" time="0.0" classname="zagg.prodRegistration.ProductRegistartionTests">
    <ignored/>
  </testcase> <!-- storeBrand$DevicesAllAttributeOptionsFromAdmin -->
  <testcase name="regScreenProtectionProduct" time="0.0" classname="zagg.prodRegistration.ProductRegistartionTests">
    <ignored/>
  </testcase> <!-- regScreenProtectionProduct -->
  <testcase name="validateBatteryAndCasesAccordions" time="0.0" classname="zagg.prodRegistration.ProductRegistartionTests">
    <ignored/>
  </testcase> <!-- validateBatteryAndCasesAccordions -->
  <testcase name="registerProdThruSerialNumber" time="0.0" classname="zagg.prodRegistration.ProductRegistartionTests">
    <ignored/>
  </testcase> <!-- registerProdThruSerialNumber -->
  <testcase name="validateBrand$Device$ProductAttributeForScreenProtection" time="0.0" classname="zagg.prodRegistration.ProductRegistartionTests">
    <ignored/>
  </testcase> <!-- validateBrand$Device$ProductAttributeForScreenProtection -->
  <testcase name="registerMultiHeadphonesProducts" time="0.0" classname="zagg.prodRegistration.ProductRegistartionTests">
    <ignored/>
  </testcase> <!-- registerMultiHeadphonesProducts -->
  <testcase name="addressMandatoryFields" time="0.0" classname="zagg.prodRegistration.ProductRegistartionTests">
    <ignored/>
  </testcase> <!-- addressMandatoryFields -->
  <testcase name="compareOneBrandToAnother" time="0.0" classname="zagg.prodRegistration.ProductRegistartionTests">
    <ignored/>
  </testcase> <!-- compareOneBrandToAnother -->
  <testcase name="registerMultiWirelessDocksProducts" time="0.0" classname="zagg.prodRegistration.ProductRegistartionTests">
    <ignored/>
  </testcase> <!-- registerMultiWirelessDocksProducts -->
  <testcase name="serialNumberValidationInSections" time="0.0" classname="zagg.prodRegistration.ProductRegistartionTests">
    <ignored/>
  </testcase> <!-- serialNumberValidationInSections -->
</testsuite> <!-- Node - 4 -->
