<?xml version="1.0" encoding="UTF-8"?>
<!-- Generated by org.testng.reporters.JUnitXMLReporter -->
<testsuite hostname="tulasi-mbp.lan" ignored="6" name="Node - 1" tests="4" failures="1" timestamp="14 Jun 2019 14:06:22 GMT" time="87.408" errors="0">
  <testcase name="validateAlertsForExistingUser" time="24.897" classname="zagg.accountRegistration.LoginTests">
    <failure type="java.lang.AssertionError" message="expected [Show] but found [show]">
      <![CDATA[java.lang.AssertionError: expected [Show] but found [show]
at zagg.accountRegistration.LoginMethods.validateAlertsForExtisingUser(LoginMethods.java:249)
at zagg.accountRegistration.LoginTests.validateAlertsForExistingUser(LoginTests.java:66)
at java.util.concurrent.FutureTask.run(FutureTask.java:266)
at java.util.concurrent.ThreadPoolExecutor.runWorker(ThreadPoolExecutor.java:1149)
at java.util.concurrent.ThreadPoolExecutor$Worker.run(ThreadPoolExecutor.java:624)
at java.lang.Thread.run(Thread.java:748)
... Removed 22 stack frames]]>
    </failure>
  </testcase> <!-- validateAlertsForExistingUser -->
  <testcase name="loginWithInvalidCredentials" time="13.606" classname="zagg.accountRegistration.LoginTests"/>
  <testcase name="loginWithValidCredentials" time="23.341" classname="zagg.accountRegistration.LoginTests"/>
  <testcase name="quitAll" time="0.946" classname="zagg.accountRegistration.LoginTests"/>
  <testcase name="activateAccountFromGmail" time="0.0" classname="zagg.accountRegistration.LoginTests">
    <ignored/>
  </testcase> <!-- activateAccountFromGmail -->
  <testcase name="validatePasswordPolicy" time="0.0" classname="zagg.accountRegistration.LoginTests">
    <ignored/>
  </testcase> <!-- validatePasswordPolicy -->
  <testcase name="confirmUserAccount" time="0.0" classname="zagg.accountRegistration.LoginTests">
    <ignored/>
  </testcase> <!-- confirmUserAccount -->
  <testcase name="validateNewAccount" time="0.0" classname="zagg.accountRegistration.LoginTests">
    <ignored/>
  </testcase> <!-- validateNewAccount -->
  <testcase name="resettingPassword" time="0.0" classname="zagg.accountRegistration.LoginTests">
    <ignored/>
  </testcase> <!-- resettingPassword -->
  <testcase name="createNewAccount" time="0.0" classname="zagg.accountRegistration.LoginTests">
    <ignored/>
  </testcase> <!-- createNewAccount -->
</testsuite> <!-- Node - 1 -->
