<?xml version="1.0" encoding="UTF-8"?>
<!-- Generated by org.testng.reporters.JUnitXMLReporter -->
<testsuite hostname="tulasi-mbp.lan" ignored="33" name="Node - 2" tests="8" failures="4" timestamp="14 Jun 2019 14:10:52 GMT" time="357.581" errors="0">
  <testcase name="loginAndNav2PR" time="24.23" classname="zagg.prodRegistration.ProductRegistartionTests"/>
  <testcase name="verifyAllFields" time="39.993" classname="zagg.prodRegistration.ProductRegistartionTests">
    <failure type="java.lang.AssertionError" message="The following asserts failed:
	expected [This is a required field.] but found [This is a required field]">
      <![CDATA[java.lang.AssertionError: The following asserts failed:
expected [This is a required field.] but found [This is a required field]
at zagg.prodRegistration.ProductRegistartionMethods.validateAllFieldsforPR(ProductRegistartionMethods.java:183)
at zagg.prodRegistration.ProductRegistartionTests.verifyAllFields(ProductRegistartionTests.java:35)
at java.util.concurrent.FutureTask.run(FutureTask.java:266)
at java.util.concurrent.ThreadPoolExecutor.runWorker(ThreadPoolExecutor.java:1149)
at java.util.concurrent.ThreadPoolExecutor$Worker.run(ThreadPoolExecutor.java:624)
at java.lang.Thread.run(Thread.java:748)
... Removed 17 stack frames]]>
    </failure>
  </testcase> <!-- verifyAllFields -->
  <testcase name="serialNumberValidationInSections" time="19.721" classname="zagg.prodRegistration.ProductRegistartionTests">
    <failure type="java.lang.AssertionError" message="The following asserts failed:
	expected [This is a required field.] but found [This is a required field]">
      <![CDATA[java.lang.AssertionError: The following asserts failed:
expected [This is a required field.] but found [This is a required field]
at zagg.prodRegistration.ProductRegistartionMethods.serialValidation(ProductRegistartionMethods.java:356)
at zagg.prodRegistration.ProductRegistartionTests.serialNumberValidationInSections(ProductRegistartionTests.java:45)
at java.util.concurrent.FutureTask.run(FutureTask.java:266)
at java.util.concurrent.ThreadPoolExecutor.runWorker(ThreadPoolExecutor.java:1149)
at java.util.concurrent.ThreadPoolExecutor$Worker.run(ThreadPoolExecutor.java:624)
at java.lang.Thread.run(Thread.java:748)
... Removed 17 stack frames]]>
    </failure>
  </testcase> <!-- serialNumberValidationInSections -->
  <testcase name="calender_FutureDateValidation" time="26.95" classname="zagg.prodRegistration.ProductRegistartionTests"/>
  <testcase name="addressMandatoryFields" time="46.452" classname="zagg.prodRegistration.ProductRegistartionTests">
    <failure type="java.lang.AssertionError" message="The following asserts failed:
	expected [This is a required field.] but found [This is a required field]">
      <![CDATA[java.lang.AssertionError: The following asserts failed:
expected [This is a required field.] but found [This is a required field]
at zagg.prodRegistration.ProductRegistartionMethods.validateaddAddressMandatories(ProductRegistartionMethods.java:454)
at zagg.prodRegistration.ProductRegistartionTests.addressMandatoryFields(ProductRegistartionTests.java:63)
at java.util.concurrent.FutureTask.run(FutureTask.java:266)
at java.util.concurrent.ThreadPoolExecutor.runWorker(ThreadPoolExecutor.java:1149)
at java.util.concurrent.ThreadPoolExecutor$Worker.run(ThreadPoolExecutor.java:624)
at java.lang.Thread.run(Thread.java:748)
... Removed 17 stack frames]]>
    </failure>
  </testcase> <!-- addressMandatoryFields -->
  <testcase name="registerProdThruSerialNumber" time="59.695" classname="zagg.prodRegistration.ProductRegistartionTests">
    <failure type="java.lang.AssertionError" message="expected [110119GR9574] but found []">
      <![CDATA[java.lang.AssertionError: expected [110119GR9574] but found []
at zagg.prodRegistration.ProductRegistartionMethods.reviewProductAndRegister(ProductRegistartionMethods.java:467)
at zagg.prodRegistration.ProductRegistartionTests.registerProdThruSerialNumber(ProductRegistartionTests.java:75)
at java.util.concurrent.FutureTask.run(FutureTask.java:266)
at java.util.concurrent.ThreadPoolExecutor.runWorker(ThreadPoolExecutor.java:1149)
at java.util.concurrent.ThreadPoolExecutor$Worker.run(ThreadPoolExecutor.java:624)
at java.lang.Thread.run(Thread.java:748)
... Removed 22 stack frames]]>
    </failure>
  </testcase> <!-- registerProdThruSerialNumber -->
  <testcase name="validateSerialNumberWithAnotherUser" time="38.977" classname="zagg.prodRegistration.ProductRegistartionTests"/>
  <testcase name="quitAll" time="2.031" classname="zagg.prodRegistration.ProductRegistartionTests"/>
  <testcase name="registerMultiSpeakersProducts" time="0.0" classname="zagg.prodRegistration.ProductRegistartionTests">
    <ignored/>
  </testcase> <!-- registerMultiSpeakersProducts -->
  <testcase name="validateAudioAndSpeakersAccordions" time="0.0" classname="zagg.prodRegistration.ProductRegistartionTests">
    <ignored/>
  </testcase> <!-- validateAudioAndSpeakersAccordions -->
  <testcase name="registerMultiProtablePowerProducts" time="0.0" classname="zagg.prodRegistration.ProductRegistartionTests">
    <ignored/>
  </testcase> <!-- registerMultiProtablePowerProducts -->
  <testcase name="registerMultiCable$AdaptersProducts" time="0.0" classname="zagg.prodRegistration.ProductRegistartionTests">
    <ignored/>
  </testcase> <!-- registerMultiCable$AdaptersProducts -->
  <testcase name="regCables$AdaptersProduct" time="0.0" classname="zagg.prodRegistration.ProductRegistartionTests">
    <ignored/>
  </testcase> <!-- regCables$AdaptersProduct -->
  <testcase name="category_batteryCases_RegisterProduct" time="0.0" classname="zagg.prodRegistration.ProductRegistartionTests">
    <ignored/>
  </testcase> <!-- category_batteryCases_RegisterProduct -->
  <testcase name="regSpeakersProduct" time="0.0" classname="zagg.prodRegistration.ProductRegistartionTests">
    <ignored/>
  </testcase> <!-- regSpeakersProduct -->
  <testcase name="registerMultiReplacementPartsProducts" time="0.0" classname="zagg.prodRegistration.ProductRegistartionTests">
    <ignored/>
  </testcase> <!-- registerMultiReplacementPartsProducts -->
  <testcase name="storeDeviceTypeAttributeOptionsFromAdmin" time="0.0" classname="zagg.prodRegistration.ProductRegistartionTests">
    <ignored/>
  </testcase> <!-- storeDeviceTypeAttributeOptionsFromAdmin -->
  <testcase name="validateCabesAndPortablePowerAccordions" time="0.0" classname="zagg.prodRegistration.ProductRegistartionTests">
    <ignored/>
  </testcase> <!-- validateCabesAndPortablePowerAccordions -->
  <testcase name="registerMultiBatteryCasesProducts" time="0.0" classname="zagg.prodRegistration.ProductRegistartionTests">
    <ignored/>
  </testcase> <!-- registerMultiBatteryCasesProducts -->
  <testcase name="validateReplacementPartsAndOthersAccordions" time="0.0" classname="zagg.prodRegistration.ProductRegistartionTests">
    <ignored/>
  </testcase> <!-- validateReplacementPartsAndOthersAccordions -->
  <testcase name="regKeyboardsProduct" time="0.0" classname="zagg.prodRegistration.ProductRegistartionTests">
    <ignored/>
  </testcase> <!-- regKeyboardsProduct -->
  <testcase name="registerMultiScreenProtectionProduct" time="0.0" classname="zagg.prodRegistration.ProductRegistartionTests">
    <ignored/>
  </testcase> <!-- registerMultiScreenProtectionProduct -->
  <testcase name="registerBatteryCasesProductForWR" time="0.0" classname="zagg.prodRegistration.ProductRegistartionTests">
    <ignored/>
  </testcase> <!-- registerBatteryCasesProductForWR -->
  <testcase name="registerAudioProduct" time="0.0" classname="zagg.prodRegistration.ProductRegistartionTests">
    <ignored/>
  </testcase> <!-- registerAudioProduct -->
  <testcase name="storeScreenProtection$BatterCasesProducts" time="0.0" classname="zagg.prodRegistration.ProductRegistartionTests">
    <ignored/>
  </testcase> <!-- storeScreenProtection$BatterCasesProducts -->
  <testcase name="validateWirelessDocksAccordions" time="0.0" classname="zagg.prodRegistration.ProductRegistartionTests">
    <ignored/>
  </testcase> <!-- validateWirelessDocksAccordions -->
  <testcase name="registerAutomaticallyBatteryCasesProduct" time="0.0" classname="zagg.prodRegistration.ProductRegistartionTests">
    <ignored/>
  </testcase> <!-- registerAutomaticallyBatteryCasesProduct -->
  <testcase name="registerMultiCasesProducts" time="0.0" classname="zagg.prodRegistration.ProductRegistartionTests">
    <ignored/>
  </testcase> <!-- registerMultiCasesProducts -->
  <testcase name="validateScreenProctectionAccordions" time="0.0" classname="zagg.prodRegistration.ProductRegistartionTests">
    <ignored/>
  </testcase> <!-- validateScreenProctectionAccordions -->
  <testcase name="validateKeyboardAccordions" time="0.0" classname="zagg.prodRegistration.ProductRegistartionTests">
    <ignored/>
  </testcase> <!-- validateKeyboardAccordions -->
  <testcase name="deleteExistingAddress" time="0.0" classname="zagg.prodRegistration.ProductRegistartionTests">
    <ignored/>
  </testcase> <!-- deleteExistingAddress -->
  <testcase name="regPortablePowerProduct" time="0.0" classname="zagg.prodRegistration.ProductRegistartionTests">
    <ignored/>
  </testcase> <!-- regPortablePowerProduct -->
  <testcase name="registerMultiKeyboardsProducts" time="0.0" classname="zagg.prodRegistration.ProductRegistartionTests">
    <ignored/>
  </testcase> <!-- registerMultiKeyboardsProducts -->
  <testcase name="backToOptionsFromReveiw" time="0.0" classname="zagg.prodRegistration.ProductRegistartionTests">
    <ignored/>
  </testcase> <!-- backToOptionsFromReveiw -->
  <testcase name="storeBrand$DevicesAllAttributeOptionsFromAdmin" time="0.0" classname="zagg.prodRegistration.ProductRegistartionTests">
    <ignored/>
  </testcase> <!-- storeBrand$DevicesAllAttributeOptionsFromAdmin -->
  <testcase name="regScreenProtectionProduct" time="0.0" classname="zagg.prodRegistration.ProductRegistartionTests">
    <ignored/>
  </testcase> <!-- regScreenProtectionProduct -->
  <testcase name="validateBatteryAndCasesAccordions" time="0.0" classname="zagg.prodRegistration.ProductRegistartionTests">
    <ignored/>
  </testcase> <!-- validateBatteryAndCasesAccordions -->
  <testcase name="validateBrand$Device$ProductAttributeForScreenProtection" time="0.0" classname="zagg.prodRegistration.ProductRegistartionTests">
    <ignored/>
  </testcase> <!-- validateBrand$Device$ProductAttributeForScreenProtection -->
  <testcase name="registerMultiHeadphonesProducts" time="0.0" classname="zagg.prodRegistration.ProductRegistartionTests">
    <ignored/>
  </testcase> <!-- registerMultiHeadphonesProducts -->
  <testcase name="compareOneBrandToAnother" time="0.0" classname="zagg.prodRegistration.ProductRegistartionTests">
    <ignored/>
  </testcase> <!-- compareOneBrandToAnother -->
  <testcase name="registerMultiWirelessDocksProducts" time="0.0" classname="zagg.prodRegistration.ProductRegistartionTests">
    <ignored/>
  </testcase> <!-- registerMultiWirelessDocksProducts -->
</testsuite> <!-- Node - 2 -->
