<?xml version="1.0" encoding="UTF-8"?>
<!-- Generated by org.testng.reporters.JUnitXMLReporter -->
<testsuite hostname="tulasi-mbp.lan" ignored="8" name="ThirdTest" tests="3" failures="1" timestamp="26 Sep 2019 11:42:01 GMT" time="132.595" errors="0">
  <testcase name="loginWithValidCredentials" time="88.01" classname="zagg.accountRegistration.LoginTests"/>
  <testcase name="loginIntoUKCustomer" time="0.008" classname="zagg.shop.UK_ShoppingTests">
    <failure type="java.lang.NullPointerException">
      <![CDATA[java.lang.NullPointerException
at zagg.prodRegistration.ProductRegistartionMethods.nav2AccountDashboard(ProductRegistartionMethods.java:50)
at zagg.prodRegistration.ProductRegistartionMethods.loginWithAnotherUserByLocale(ProductRegistartionMethods.java:1739)
at zagg.shop.UK_ShoppingTests.loginIntoUKCustomer(UK_ShoppingTests.java:18)
at java.util.concurrent.FutureTask.run(FutureTask.java:266)
at java.util.concurrent.ThreadPoolExecutor.runWorker(ThreadPoolExecutor.java:1149)
at java.util.concurrent.ThreadPoolExecutor$Worker.run(ThreadPoolExecutor.java:624)
at java.lang.Thread.run(Thread.java:748)
... Removed 16 stack frames]]>
    </failure>
  </testcase> <!-- loginIntoUKCustomer -->
  <testcase name="UK_PlaceOrderWithCreditCard" time="0.0" classname="zagg.shop.UK_ShoppingTests">
    <skipped/>
  </testcase> <!-- UK_PlaceOrderWithCreditCard -->
  <testcase name="activateAccountFromGmail" time="0.0" classname="zagg.accountRegistration.LoginTests">
    <ignored/>
  </testcase> <!-- activateAccountFromGmail -->
  <testcase name="validatePasswordPolicy" time="0.0" classname="zagg.accountRegistration.LoginTests">
    <ignored/>
  </testcase> <!-- validatePasswordPolicy -->
  <testcase name="loginWithInvalidCredentials" time="0.0" classname="zagg.accountRegistration.LoginTests">
    <ignored/>
  </testcase> <!-- loginWithInvalidCredentials -->
  <testcase name="confirmUserAccount" time="0.0" classname="zagg.accountRegistration.LoginTests">
    <ignored/>
  </testcase> <!-- confirmUserAccount -->
  <testcase name="validateAlertsForExistingUser" time="0.0" classname="zagg.accountRegistration.LoginTests">
    <ignored/>
  </testcase> <!-- validateAlertsForExistingUser -->
  <testcase name="validateNewAccount" time="0.0" classname="zagg.accountRegistration.LoginTests">
    <ignored/>
  </testcase> <!-- validateNewAccount -->
  <testcase name="resettingPassword" time="0.0" classname="zagg.accountRegistration.LoginTests">
    <ignored/>
  </testcase> <!-- resettingPassword -->
  <testcase name="createNewAccount" time="0.0" classname="zagg.accountRegistration.LoginTests">
    <ignored/>
  </testcase> <!-- createNewAccount -->
</testsuite> <!-- ThirdTest -->
