<?xml version="1.0" encoding="UTF-8"?>
<testng-results skipped="0" failed="0" ignored="0" total="1" passed="1">
  <reporter-output>
  </reporter-output>
  <suite name="Suite" duration-ms="36355" started-at="2019-10-24T12:59:29 IST" finished-at="2019-10-24T13:00:06 IST">
    <groups>
    </groups>
    <test name="FirstTest" duration-ms="36355" started-at="2019-10-24T12:59:29 IST" finished-at="2019-10-24T13:00:06 IST">
      <class name="POC.lumaLogin.LoginTest">
        <test-method status="PASS" signature="browserSetup(java.lang.String, java.lang.String, java.lang.String, java.lang.String)[pri:0, instance:POC.lumaLogin.LoginTest@cb51256]" name="browserSetup" is-config="true" duration-ms="22004" started-at="2019-10-24T12:59:29 IST" finished-at="2019-10-24T12:59:51 IST">
          <params>
            <param index="0">
              <value>
                <![CDATA[firefox]]>
              </value>
            </param>
            <param index="1">
              <value>
                <![CDATA[60]]>
              </value>
            </param>
            <param index="2">
              <value>
                <![CDATA[MAC]]>
              </value>
            </param>
            <param index="3">
              <value>
                <![CDATA[http://ec2-18-223-118-61.us-east-2.compute.amazonaws.com/magento4/magento2/]]>
              </value>
            </param>
          </params>
          <reporter-output>
          </reporter-output>
        </test-method> <!-- browserSetup -->
        <test-method status="PASS" signature="login()[pri:101, instance:POC.lumaLogin.LoginTest@cb51256]" name="login" duration-ms="14329" started-at="2019-10-24T12:59:51 IST" finished-at="2019-10-24T13:00:06 IST">
          <reporter-output>
          </reporter-output>
        </test-method> <!-- login -->
      </class> <!-- POC.lumaLogin.LoginTest -->
    </test> <!-- FirstTest -->
  </suite> <!-- Suite -->
</testng-results>
