<?xml version="1.0" encoding="UTF-8"?>
<testng-results skipped="0" failed="3" ignored="1" total="4" passed="0">
  <reporter-output>
  </reporter-output>
  <suite name="Suite" duration-ms="416768" started-at="2019-09-27T02:17:49Z" finished-at="2019-09-27T02:24:46Z">
    <groups>
    </groups>
    <test name="FirstTest" duration-ms="416768" started-at="2019-09-27T02:17:49Z" finished-at="2019-09-27T02:24:46Z">
      <class name="zagg.shop.shoppingTests">
        <test-method status="PASS" signature="browserSetup(java.lang.String, java.lang.String, java.lang.String, java.lang.String)[pri:0, instance:zagg.shop.shoppingTests@887af79]" name="browserSetup" is-config="true" duration-ms="25488" started-at="2019-09-27T02:17:49Z" finished-at="2019-09-27T02:18:14Z">
          <params>
            <param index="0">
              <value>
                <![CDATA[firefox]]>
              </value>
            </param>
            <param index="1">
              <value>
                <![CDATA[60]]>
              </value>
            </param>
            <param index="2">
              <value>
                <![CDATA[MAC]]>
              </value>
            </param>
            <param index="3">
              <value>
                <![CDATA[https://staging.zagg.com/]]>
              </value>
            </param>
          </params>
          <reporter-output>
          </reporter-output>
        </test-method> <!-- browserSetup -->
        <test-method status="FAIL" signature="shop_placeOrderProduct()[pri:901, instance:zagg.shop.shoppingTests@887af79]" name="shop_placeOrderProduct" duration-ms="234004" started-at="2019-09-27T02:18:14Z" finished-at="2019-09-27T02:22:08Z">
          <exception class="java.lang.NullPointerException">
            <full-stacktrace>
              <![CDATA[java.lang.NullPointerException
at zagg.prodRegistration.ProductRegistartionMethods.selectLeftTab(ProductRegistartionMethods.java:605)
at zagg.shop.shoppingMethods.verifyOrderStatus(shoppingMethods.java:166)
at zagg.shop.shoppingTests.shop_placeOrderProduct(shoppingTests.java:23)
at sun.reflect.NativeMethodAccessorImpl.invoke0(Native Method)
at sun.reflect.NativeMethodAccessorImpl.invoke(NativeMethodAccessorImpl.java:62)
at sun.reflect.DelegatingMethodAccessorImpl.invoke(DelegatingMethodAccessorImpl.java:43)
at java.lang.reflect.Method.invoke(Method.java:498)
at org.testng.internal.MethodInvocationHelper.invokeMethod(MethodInvocationHelper.java:124)
at org.testng.internal.Invoker.invokeMethod(Invoker.java:583)
at org.testng.internal.Invoker.invokeTestMethod(Invoker.java:719)
at org.testng.internal.Invoker.invokeTestMethods(Invoker.java:989)
at org.testng.internal.TestMethodWorker.invokeTestMethods(TestMethodWorker.java:125)
at org.testng.internal.TestMethodWorker.run(TestMethodWorker.java:109)
at org.testng.TestRunner.privateRun(TestRunner.java:648)
at org.testng.TestRunner.run(TestRunner.java:505)
at org.testng.SuiteRunner.runTest(SuiteRunner.java:455)
at org.testng.SuiteRunner.access$000(SuiteRunner.java:40)
at org.testng.SuiteRunner$SuiteWorker.run(SuiteRunner.java:489)
at org.testng.internal.thread.ThreadUtil$1.call(ThreadUtil.java:52)
at java.util.concurrent.FutureTask.run(FutureTask.java:266)
at java.util.concurrent.ThreadPoolExecutor.runWorker(ThreadPoolExecutor.java:1149)
at java.util.concurrent.ThreadPoolExecutor$Worker.run(ThreadPoolExecutor.java:624)
at java.lang.Thread.run(Thread.java:748)
]]>
            </full-stacktrace>
          </exception> <!-- java.lang.NullPointerException -->
          <reporter-output>
          </reporter-output>
        </test-method> <!-- shop_placeOrderProduct -->
        <test-method status="FAIL" signature="shop_placeOrderWithAmazonPay()[pri:902, instance:zagg.shop.shoppingTests@887af79]" name="shop_placeOrderWithAmazonPay" duration-ms="157250" started-at="2019-09-27T02:22:08Z" finished-at="2019-09-27T02:24:46Z">
          <exception class="java.lang.NullPointerException">
            <full-stacktrace>
              <![CDATA[java.lang.NullPointerException
at zagg.prodRegistration.ProductRegistartionMethods.selectLeftTab(ProductRegistartionMethods.java:605)
at zagg.shop.shoppingMethods.verifyOrderStatus(shoppingMethods.java:166)
at zagg.shop.shoppingTests.shop_placeOrderWithAmazonPay(shoppingTests.java:35)
at sun.reflect.NativeMethodAccessorImpl.invoke0(Native Method)
at sun.reflect.NativeMethodAccessorImpl.invoke(NativeMethodAccessorImpl.java:62)
at sun.reflect.DelegatingMethodAccessorImpl.invoke(DelegatingMethodAccessorImpl.java:43)
at java.lang.reflect.Method.invoke(Method.java:498)
at org.testng.internal.MethodInvocationHelper.invokeMethod(MethodInvocationHelper.java:124)
at org.testng.internal.Invoker.invokeMethod(Invoker.java:583)
at org.testng.internal.Invoker.invokeTestMethod(Invoker.java:719)
at org.testng.internal.Invoker.invokeTestMethods(Invoker.java:989)
at org.testng.internal.TestMethodWorker.invokeTestMethods(TestMethodWorker.java:125)
at org.testng.internal.TestMethodWorker.run(TestMethodWorker.java:109)
at org.testng.TestRunner.privateRun(TestRunner.java:648)
at org.testng.TestRunner.run(TestRunner.java:505)
at org.testng.SuiteRunner.runTest(SuiteRunner.java:455)
at org.testng.SuiteRunner.access$000(SuiteRunner.java:40)
at org.testng.SuiteRunner$SuiteWorker.run(SuiteRunner.java:489)
at org.testng.internal.thread.ThreadUtil$1.call(ThreadUtil.java:52)
at java.util.concurrent.FutureTask.run(FutureTask.java:266)
at java.util.concurrent.ThreadPoolExecutor.runWorker(ThreadPoolExecutor.java:1149)
at java.util.concurrent.ThreadPoolExecutor$Worker.run(ThreadPoolExecutor.java:624)
at java.lang.Thread.run(Thread.java:748)
]]>
            </full-stacktrace>
          </exception> <!-- java.lang.NullPointerException -->
          <reporter-output>
          </reporter-output>
        </test-method> <!-- shop_placeOrderWithAmazonPay -->
        <test-method status="FAIL" signature="shop_placeOrderWithoutUser()[pri:905, instance:zagg.shop.shoppingTests@887af79]" name="shop_placeOrderWithoutUser" duration-ms="6" started-at="2019-09-27T02:24:46Z" finished-at="2019-09-27T02:24:46Z">
          <exception class="java.lang.NullPointerException">
            <full-stacktrace>
              <![CDATA[java.lang.NullPointerException
at zagg.accountRegistration.LoginMethods.selectSignIn(LoginMethods.java:30)
at zagg.shop.shoppingTests.shop_placeOrderWithoutUser(shoppingTests.java:62)
at sun.reflect.NativeMethodAccessorImpl.invoke0(Native Method)
at sun.reflect.NativeMethodAccessorImpl.invoke(NativeMethodAccessorImpl.java:62)
at sun.reflect.DelegatingMethodAccessorImpl.invoke(DelegatingMethodAccessorImpl.java:43)
at java.lang.reflect.Method.invoke(Method.java:498)
at org.testng.internal.MethodInvocationHelper.invokeMethod(MethodInvocationHelper.java:124)
at org.testng.internal.Invoker.invokeMethod(Invoker.java:583)
at org.testng.internal.Invoker.invokeTestMethod(Invoker.java:719)
at org.testng.internal.Invoker.invokeTestMethods(Invoker.java:989)
at org.testng.internal.TestMethodWorker.invokeTestMethods(TestMethodWorker.java:125)
at org.testng.internal.TestMethodWorker.run(TestMethodWorker.java:109)
at org.testng.TestRunner.privateRun(TestRunner.java:648)
at org.testng.TestRunner.run(TestRunner.java:505)
at org.testng.SuiteRunner.runTest(SuiteRunner.java:455)
at org.testng.SuiteRunner.access$000(SuiteRunner.java:40)
at org.testng.SuiteRunner$SuiteWorker.run(SuiteRunner.java:489)
at org.testng.internal.thread.ThreadUtil$1.call(ThreadUtil.java:52)
at java.util.concurrent.FutureTask.run(FutureTask.java:266)
at java.util.concurrent.ThreadPoolExecutor.runWorker(ThreadPoolExecutor.java:1149)
at java.util.concurrent.ThreadPoolExecutor$Worker.run(ThreadPoolExecutor.java:624)
at java.lang.Thread.run(Thread.java:748)
]]>
            </full-stacktrace>
          </exception> <!-- java.lang.NullPointerException -->
          <reporter-output>
          </reporter-output>
        </test-method> <!-- shop_placeOrderWithoutUser -->
      </class> <!-- zagg.shop.shoppingTests -->
    </test> <!-- FirstTest -->
  </suite> <!-- Suite -->
</testng-results>
